[2020-04-09 17:35:14,202] multiqc                                            [DEBUG  ]  No MultiQC config found: /share/pkg.7/multiqc/1.6/install/lib/python2.7/site-packages/multiqc_config.yaml
[2020-04-09 17:35:14,202] multiqc                                            [DEBUG  ]  No MultiQC config found: /usr2/postdoc/avanva/.multiqc_config.yaml
[2020-04-09 17:35:14,202] multiqc                                            [DEBUG  ]  No MultiQC config found: multiqc_config.yaml
[2020-04-09 17:35:14,202] multiqc                                            [DEBUG  ]  Command used: /share/pkg.7/multiqc/1.6/install/bin/multiqc fastqc_out/ star_out/ -o multiqc_out
[2020-04-09 17:35:14,674] multiqc                                            [WARNING]  MultiQC Version v1.8 now available!
[2020-04-09 17:35:14,674] multiqc                                            [INFO   ]  This is MultiQC v1.6
[2020-04-09 17:35:14,675] multiqc                                            [DEBUG  ]  Command     : /share/pkg.7/multiqc/1.6/install/bin/multiqc fastqc_out/ star_out/ -o multiqc_out
[2020-04-09 17:35:14,675] multiqc                                            [DEBUG  ]  Working dir : /usr2/postdoc/avanva/project-3-group-9
[2020-04-09 17:35:14,675] multiqc                                            [INFO   ]  Template    : default
[2020-04-09 17:35:14,675] multiqc                                            [INFO   ]  Searching 'fastqc_out/'
[2020-04-09 17:35:14,675] multiqc                                            [INFO   ]  Searching 'star_out/'
[2020-04-09 17:35:14,676] multiqc                                            [DEBUG  ]  Analysing modules: custom_content, conpair, peddy, methylQA, qualimap, preseq, quast, qorts, rna_seqc, rsem, rseqc, busco, goleft_indexcov, disambiguate, supernova, deeptools, sargasso, verifybamid, mirtrace, happy, homer, macs2, theta2, snpeff, gatk, htseq, bcftools, featureCounts, dedup, picard, prokka, samblaster, samtools, bamtools, jellyfish, vcftools, longranger, bbmap, bismark, hicexplorer, hicup, hicpro, salmon, kallisto, slamdunk, star, hisat2, tophat, bowtie2, bowtie1, kat, leehom, adapterRemoval, clipandmerge, cutadapt, flexbar, trimmomatic, skewer, sortmerna, biobloomtools, fastq_screen, afterqc, fastp, fastqc, clusterflow, bcl2fastq, interop
[2020-04-09 17:35:14,676] multiqc                                            [DEBUG  ]  Using temporary directory for creating report: /scratch/4409652.1.p/tmpctIz7L
[2020-04-09 17:35:15,671] multiqc                                            [DEBUG  ]  Ignoring file as matched an ignore pattern: SRR1178004_2_fastqc.html
[2020-04-09 17:35:15,671] multiqc                                            [DEBUG  ]  Ignoring file as matched an ignore pattern: SRR1177983_2_fastqc.html
[2020-04-09 17:35:15,674] multiqc                                            [DEBUG  ]  Ignoring file as matched an ignore pattern: SRR1178009_2_fastqc.html
[2020-04-09 17:35:15,674] multiqc                                            [DEBUG  ]  Ignoring file as matched an ignore pattern: SRR1178014_1_fastqc.html
[2020-04-09 17:35:15,675] multiqc                                            [DEBUG  ]  Ignoring file as matched an ignore pattern: SRR1178013_2_fastqc.html
[2020-04-09 17:35:15,677] multiqc                                            [DEBUG  ]  Ignoring file as matched an ignore pattern: SRR1177981_1_fastqc.html
[2020-04-09 17:35:15,677] multiqc                                            [DEBUG  ]  Ignoring file as matched an ignore pattern: SRR1178061_1_fastqc.html
[2020-04-09 17:35:15,678] multiqc                                            [DEBUG  ]  Ignoring file as matched an ignore pattern: SRR1177982_1_fastqc.html
[2020-04-09 17:35:15,678] multiqc                                            [DEBUG  ]  Ignoring file as matched an ignore pattern: SRR1178009_1_fastqc.html
[2020-04-09 17:35:15,680] multiqc                                            [DEBUG  ]  Ignoring file as matched an ignore pattern: SRR1178006_2_fastqc.html
[2020-04-09 17:35:15,681] multiqc                                            [DEBUG  ]  Ignoring file as matched an ignore pattern: SRR1178050_1_fastqc.html
[2020-04-09 17:35:15,681] multiqc                                            [DEBUG  ]  Ignoring file as matched an ignore pattern: SRR1178013_1_fastqc.html
[2020-04-09 17:35:15,682] multiqc                                            [DEBUG  ]  Ignoring file as matched an ignore pattern: SRR1178061_2_fastqc.html
[2020-04-09 17:35:15,683] multiqc                                            [DEBUG  ]  Ignoring file as matched an ignore pattern: SRR1177982_2_fastqc.html
[2020-04-09 17:35:15,683] multiqc                                            [DEBUG  ]  Ignoring file as matched an ignore pattern: SRR1178014_2_fastqc.html
[2020-04-09 17:35:15,683] multiqc                                            [DEBUG  ]  Ignoring file as matched an ignore pattern: SRR1178006_1_fastqc.html
[2020-04-09 17:35:15,686] multiqc                                            [DEBUG  ]  Ignoring file as matched an ignore pattern: SRR1178010_2_fastqc.html
[2020-04-09 17:35:15,686] multiqc                                            [DEBUG  ]  Ignoring file as matched an ignore pattern: SRR1178008_2_fastqc.html
[2020-04-09 17:35:15,690] multiqc                                            [DEBUG  ]  Ignoring file as matched an ignore pattern: SRR1178047_2_fastqc.html
[2020-04-09 17:35:15,690] multiqc                                            [DEBUG  ]  Ignoring file as matched an ignore pattern: SRR1178063_2_fastqc.html
[2020-04-09 17:35:15,690] multiqc                                            [DEBUG  ]  Ignoring file as matched an ignore pattern: SRR1177983_1_fastqc.html
[2020-04-09 17:35:15,693] multiqc                                            [DEBUG  ]  Ignoring file as matched an ignore pattern: SRR1178004_1_fastqc.html
[2020-04-09 17:35:15,697] multiqc                                            [DEBUG  ]  Ignoring file as matched an ignore pattern: SRR1178047_1_fastqc.html
[2020-04-09 17:35:15,701] multiqc                                            [DEBUG  ]  Ignoring file as matched an ignore pattern: SRR1178050_2_fastqc.html
[2020-04-09 17:35:15,702] multiqc                                            [DEBUG  ]  Ignoring file as matched an ignore pattern: SRR1177981_2_fastqc.html
[2020-04-09 17:35:15,704] multiqc                                            [DEBUG  ]  Ignoring file as matched an ignore pattern: SRR1178021_1_fastqc.html
[2020-04-09 17:35:15,706] multiqc                                            [DEBUG  ]  Ignoring file as matched an ignore pattern: SRR1178010_1_fastqc.html
[2020-04-09 17:35:15,706] multiqc                                            [DEBUG  ]  Ignoring file as matched an ignore pattern: SRR1178063_1_fastqc.html
[2020-04-09 17:35:15,707] multiqc                                            [DEBUG  ]  Ignoring file as matched an ignore pattern: SRR1178021_2_fastqc.html
[2020-04-09 17:35:15,707] multiqc                                            [DEBUG  ]  Ignoring file as matched an ignore pattern: SRR1178008_1_fastqc.html
[2020-04-09 17:35:15,901] multiqc                                            [DEBUG  ]  Ignoring file as matched an ignore pattern: Aligned.sortedByCoord.out.bam
[2020-04-09 17:35:20,996] multiqc                                            [DEBUG  ]  No samples found: custom_content
[2020-04-09 17:35:21,027] multiqc                                            [DEBUG  ]  No samples found: conpair
[2020-04-09 17:35:21,065] multiqc                                            [DEBUG  ]  No samples found: peddy
[2020-04-09 17:35:21,100] multiqc                                            [DEBUG  ]  No samples found: methylQA
[2020-04-09 17:35:21,697] multiqc                                            [DEBUG  ]  No samples found: qualimap
[2020-04-09 17:35:21,737] multiqc                                            [DEBUG  ]  No samples found: preseq
[2020-04-09 17:35:21,769] multiqc                                            [DEBUG  ]  No samples found: quast
[2020-04-09 17:35:21,801] multiqc                                            [DEBUG  ]  No samples found: qorts
[2020-04-09 17:35:21,824] multiqc                                            [DEBUG  ]  No samples found: rna_seqc
[2020-04-09 17:35:22,413] multiqc                                            [DEBUG  ]  No samples found: rsem
[2020-04-09 17:35:22,604] multiqc                                            [DEBUG  ]  No samples found: rseqc
[2020-04-09 17:35:22,643] multiqc                                            [DEBUG  ]  No samples found: busco
[2020-04-09 17:35:22,686] multiqc                                            [DEBUG  ]  No samples found: goleft_indexcov
[2020-04-09 17:35:22,717] multiqc                                            [DEBUG  ]  No samples found: disambiguate
[2020-04-09 17:35:22,751] multiqc                                            [DEBUG  ]  No samples found: supernova
[2020-04-09 17:35:22,861] multiqc                                            [DEBUG  ]  No samples found: deeptools
[2020-04-09 17:35:22,889] multiqc                                            [DEBUG  ]  No samples found: sargasso
[2020-04-09 17:35:22,939] multiqc                                            [DEBUG  ]  No samples found: verifybamid
[2020-04-09 17:35:22,993] multiqc                                            [DEBUG  ]  No samples found: mirtrace
[2020-04-09 17:35:23,018] multiqc                                            [DEBUG  ]  No samples found: happy
[2020-04-09 17:35:23,081] multiqc                                            [DEBUG  ]  No samples found: homer
[2020-04-09 17:35:23,122] multiqc                                            [DEBUG  ]  No samples found: macs2
[2020-04-09 17:35:23,162] multiqc                                            [DEBUG  ]  No samples found: theta2
[2020-04-09 17:35:23,194] multiqc                                            [DEBUG  ]  No samples found: snpeff
[2020-04-09 17:35:23,255] multiqc                                            [DEBUG  ]  No samples found: gatk
[2020-04-09 17:35:23,292] multiqc                                            [DEBUG  ]  No samples found: htseq
[2020-04-09 17:35:23,338] multiqc                                            [DEBUG  ]  No samples found: bcftools
[2020-04-09 17:35:23,387] multiqc                                            [DEBUG  ]  No samples found: featureCounts
[2020-04-09 17:35:23,422] multiqc                                            [DEBUG  ]  No samples found: dedup
[2020-04-09 17:35:23,780] multiqc                                            [DEBUG  ]  No samples found: picard
[2020-04-09 17:35:23,822] multiqc                                            [DEBUG  ]  No samples found: prokka
[2020-04-09 17:35:23,857] multiqc                                            [DEBUG  ]  No samples found: samblaster
[2020-04-09 17:35:23,928] multiqc                                            [DEBUG  ]  No samples found: samtools
[2020-04-09 17:35:23,975] multiqc                                            [DEBUG  ]  No samples found: bamtools
[2020-04-09 17:35:24,027] multiqc                                            [DEBUG  ]  No samples found: jellyfish
[2020-04-09 17:35:24,099] multiqc                                            [DEBUG  ]  No samples found: vcftools
[2020-04-09 17:35:24,131] multiqc                                            [DEBUG  ]  No samples found: longranger
[2020-04-09 17:35:24,539] multiqc                                            [DEBUG  ]  No samples found: bbmap
[2020-04-09 17:35:24,575] multiqc                                            [DEBUG  ]  No samples found: bismark
[2020-04-09 17:35:24,606] multiqc                                            [DEBUG  ]  No samples found: hicexplorer
[2020-04-09 17:35:24,647] multiqc                                            [DEBUG  ]  No samples found: hicup
[2020-04-09 17:35:24,672] multiqc                                            [DEBUG  ]  No samples found: hicpro
[2020-04-09 17:35:24,696] multiqc                                            [DEBUG  ]  No samples found: salmon
[2020-04-09 17:35:24,734] multiqc                                            [DEBUG  ]  No samples found: kallisto
[2020-04-09 17:35:24,775] multiqc                                            [DEBUG  ]  No samples found: slamdunk
[2020-04-09 17:35:24,809] multiqc                                            [DEBUG  ]  No samples found: star
[2020-04-09 17:35:24,831] multiqc                                            [DEBUG  ]  No samples found: hisat2
[2020-04-09 17:35:24,865] multiqc                                            [DEBUG  ]  No samples found: tophat
[2020-04-09 17:35:24,916] multiqc                                            [DEBUG  ]  No samples found: bowtie2
[2020-04-09 17:35:24,951] multiqc                                            [DEBUG  ]  No samples found: bowtie1
[2020-04-09 17:35:24,987] multiqc                                            [DEBUG  ]  No samples found: kat
[2020-04-09 17:35:25,026] multiqc                                            [DEBUG  ]  No samples found: leehom
[2020-04-09 17:35:25,055] multiqc                                            [DEBUG  ]  No samples found: adapterRemoval
[2020-04-09 17:35:25,092] multiqc                                            [DEBUG  ]  No samples found: clipandmerge
[2020-04-09 17:35:25,163] multiqc                                            [DEBUG  ]  No samples found: cutadapt
[2020-04-09 17:35:25,194] multiqc                                            [DEBUG  ]  No samples found: flexbar
[2020-04-09 17:35:25,291] multiqc                                            [DEBUG  ]  No samples found: trimmomatic
[2020-04-09 17:35:25,327] multiqc                                            [DEBUG  ]  No samples found: skewer
[2020-04-09 17:35:25,377] multiqc                                            [DEBUG  ]  No samples found: sortmerna
[2020-04-09 17:35:25,411] multiqc                                            [DEBUG  ]  No samples found: biobloomtools
[2020-04-09 17:35:25,709] multiqc                                            [DEBUG  ]  No samples found: fastq_screen
[2020-04-09 17:35:25,750] multiqc                                            [DEBUG  ]  No samples found: afterqc
[2020-04-09 17:35:25,793] multiqc                                            [DEBUG  ]  No samples found: fastp
[2020-04-09 17:35:28,431] multiqc.modules.fastqc.fastqc                      [INFO   ]  Found 30 reports
[2020-04-09 17:35:33,257] multiqc                                            [DEBUG  ]  No samples found: clusterflow
[2020-04-09 17:35:33,288] multiqc                                            [DEBUG  ]  No samples found: bcl2fastq
[2020-04-09 17:35:33,323] multiqc                                            [DEBUG  ]  No samples found: interop
[2020-04-09 17:35:33,415] multiqc                                            [INFO   ]  Compressing plot data
[2020-04-09 17:35:36,960] multiqc                                            [INFO   ]  Report      : multiqc_out/multiqc_report.html
[2020-04-09 17:35:36,961] multiqc                                            [INFO   ]  Data        : multiqc_out/multiqc_data
[2020-04-09 17:35:36,974] multiqc                                            [DEBUG  ]  Moving data file from '/scratch/4409652.1.p/tmpctIz7L/multiqc_data/multiqc_general_stats.txt' to 'multiqc_out/multiqc_data'
[2020-04-09 17:35:36,986] multiqc                                            [DEBUG  ]  Moving data file from '/scratch/4409652.1.p/tmpctIz7L/multiqc_data/multiqc_fastqc.txt' to 'multiqc_out/multiqc_data'
[2020-04-09 17:35:36,999] multiqc                                            [DEBUG  ]  Moving data file from '/scratch/4409652.1.p/tmpctIz7L/multiqc_data/multiqc_sources.txt' to 'multiqc_out/multiqc_data'
[2020-04-09 17:35:37,012] multiqc                                            [DEBUG  ]  Moving data file from '/scratch/4409652.1.p/tmpctIz7L/multiqc_data/multiqc_data.json' to 'multiqc_out/multiqc_data'
[2020-04-09 17:35:39,564] multiqc                                            [INFO   ]  MultiQC complete
