                                 Started job on |	Apr 10 09:07:43
                             Started mapping on |	Apr 10 09:07:53
                                    Finished on |	Apr 10 09:10:49
       Mapping speed, Million of reads per hour |	310.01

                          Number of input reads |	15156072
                      Average input read length |	202
                                    UNIQUE READS:
                   Uniquely mapped reads number |	13348761
                        Uniquely mapped reads % |	88.08%
                          Average mapped length |	199.13
                       Number of splices: Total |	8019254
            Number of splices: Annotated (sjdb) |	0
                       Number of splices: GT/AG |	7963084
                       Number of splices: GC/AG |	41330
                       Number of splices: AT/AC |	2019
               Number of splices: Non-canonical |	12821
                      Mismatch rate per base, % |	0.59%
                         Deletion rate per base |	0.01%
                        Deletion average length |	1.81
                        Insertion rate per base |	0.01%
                       Insertion average length |	1.53
                             MULTI-MAPPING READS:
        Number of reads mapped to multiple loci |	533695
             % of reads mapped to multiple loci |	3.52%
        Number of reads mapped to too many loci |	38106
             % of reads mapped to too many loci |	0.25%
                                  UNMAPPED READS:
       % of reads unmapped: too many mismatches |	0.00%
                 % of reads unmapped: too short |	8.11%
                     % of reads unmapped: other |	0.05%
                                  CHIMERIC READS:
                       Number of chimeric reads |	0
                            % of chimeric reads |	0.00%
